{"C:\\Users\\sean.trevor\\Code\\Automation-Academy\\calculator-js\\src\\calc.js": {"path":"C:\\Users\\sean.trevor\\Code\\Automation-Academy\\calculator-js\\src\\calc.js","statementMap":{"0":{"start":{"line":1,"column":12},"end":{"line":1,"column":27}},"1":{"start":{"line":1,"column":22},"end":{"line":1,"column":27}}},"fnMap":{"0":{"name":"(anonymous_0)","decl":{"start":{"line":1,"column":12},"end":{"line":1,"column":13}},"loc":{"start":{"line":1,"column":22},"end":{"line":1,"column":27}},"line":1}},"branchMap":{},"s":{"0":1,"1":1},"f":{"0":1},"b":{},"_coverageSchema":"1a1c01bbd47fc00a2c39e90264f33305004495a9","hash":"65d0b60cdabb28d4c3b2446783badb3c03f1b450"}
}
